Running: /opt/Xilinx/14.7/ISE_DS/ISE/bin/lin64/unwrapped/fuse -intstyle ise -incremental -o /mnt/d/Desktop/coa/dflipflop/D_test_isim_beh.exe -prj /mnt/d/Desktop/coa/dflipflop/D_test_beh.prj work.D_test 
ISim P.20131013 (signature 0xfbc00daa)
Number of CPUs detected in this system: 8
Turning on mult-threading, number of parallel sub-compilation jobs: 16 
Determining compilation order of HDL files
Parsing VHDL file "/mnt/d/Desktop/coa/dflipflop/../flipflops/d_rtl.vhd" into library work
Parsing VHDL file "/mnt/d/Desktop/coa/dflipflop/../flipflops/D_test.vhd" into library work
Starting static elaboration
Completed static elaboration
Fuse Memory Usage: 83432 KB
Fuse CPU Usage: 1010 ms
Compiling package standard
Compiling package std_logic_1164
Compiling architecture behavioral of entity d_rtl [d_rtl_default]
Compiling architecture behavior of entity d_test
Time Resolution for simulation is 1ps.
Waiting for 1 sub-compilation(s) to finish...
Compiled 5 VHDL Units
Built simulation executable /mnt/d/Desktop/coa/dflipflop/D_test_isim_beh.exe
Fuse Memory Usage: 1173340 KB
Fuse CPU Usage: 1060 ms
GCC CPU Usage: 630 ms
