Release 14.7 - xst P.20131013 (lin64)
Copyright (c) 1995-2013 Xilinx, Inc.  All rights reserved.
--> 
Parameter TMPDIR set to xst/projnav.tmp


Total REAL time to Xst completion: 0.00 secs
Total CPU time to Xst completion: 0.04 secs
 
--> 
Parameter xsthdpdir set to xst


Total REAL time to Xst completion: 0.00 secs
Total CPU time to Xst completion: 0.04 secs
 
--> 
Reading design: ram_rtl.prj

TABLE OF CONTENTS
  1) Synthesis Options Summary
  2) HDL Compilation
  3) Design Hierarchy Analysis
  4) HDL Analysis
  5) HDL Synthesis
     5.1) HDL Synthesis Report
  6) Advanced HDL Synthesis
     6.1) Advanced HDL Synthesis Report
  7) Low Level Synthesis
  8) Partition Report
  9) Final Report
	9.1) Device utilization summary
	9.2) Partition Resource Summary
	9.3) TIMING REPORT


=========================================================================
*                      Synthesis Options Summary                        *
=========================================================================
---- Source Parameters
Input File Name                    : "ram_rtl.prj"
Input Format                       : mixed
Ignore Synthesis Constraint File   : NO

---- Target Parameters
Output File Name                   : "ram_rtl"
Output Format                      : NGC
Target Device                      : xc3s50-5-pq208

---- Source Options
Top Module Name                    : ram_rtl
Automatic FSM Extraction           : YES
FSM Encoding Algorithm             : Auto
Safe Implementation                : No
FSM Style                          : LUT
RAM Extraction                     : Yes
RAM Style                          : Auto
ROM Extraction                     : Yes
Mux Style                          : Auto
Decoder Extraction                 : YES
Priority Encoder Extraction        : Yes
Shift Register Extraction          : YES
Logical Shifter Extraction         : YES
XOR Collapsing                     : YES
ROM Style                          : Auto
Mux Extraction                     : Yes
Resource Sharing                   : YES
Asynchronous To Synchronous        : NO
Multiplier Style                   : Auto
Automatic Register Balancing       : No

---- Target Options
Add IO Buffers                     : YES
Global Maximum Fanout              : 500
Add Generic Clock Buffer(BUFG)     : 8
Register Duplication               : YES
Slice Packing                      : YES
Optimize Instantiated Primitives   : NO
Use Clock Enable                   : Yes
Use Synchronous Set                : Yes
Use Synchronous Reset              : Yes
Pack IO Registers into IOBs        : Auto
Equivalent register Removal        : YES

---- General Options
Optimization Goal                  : Speed
Optimization Effort                : 1
Keep Hierarchy                     : No
Netlist Hierarchy                  : As_Optimized
RTL Output                         : Yes
Global Optimization                : AllClockNets
Read Cores                         : YES
Write Timing Constraints           : NO
Cross Clock Analysis               : NO
Hierarchy Separator                : /
Bus Delimiter                      : <>
Case Specifier                     : Maintain
Slice Utilization Ratio            : 100
BRAM Utilization Ratio             : 100
Verilog 2001                       : YES
Auto BRAM Packing                  : NO
Slice Utilization Ratio Delta      : 5

=========================================================================


=========================================================================
*                          HDL Compilation                              *
=========================================================================
Compiling vhdl file "/mnt/d/Desktop/coa/ram/ram_rtl.vhd" in Library work.
Architecture behavioral of Entity ram_rtl is up to date.

=========================================================================
*                     Design Hierarchy Analysis                         *
=========================================================================
Analyzing hierarchy for entity <ram_rtl> in library <work> (architecture <behavioral>).


=========================================================================
*                            HDL Analysis                               *
=========================================================================
Analyzing Entity <ram_rtl> in library <work> (Architecture <behavioral>).
Entity <ram_rtl> analyzed. Unit <ram_rtl> generated.


=========================================================================
*                           HDL Synthesis                               *
=========================================================================

Performing bidirectional port resolution...

Synthesizing Unit <ram_rtl>.
    Related source file is "/mnt/d/Desktop/coa/ram/ram_rtl.vhd".
    Found 128x8-bit single-port RAM <Mram_RAM> for signal <RAM>.
    Summary:
	inferred   1 RAM(s).
Unit <ram_rtl> synthesized.


=========================================================================
HDL Synthesis Report

Macro Statistics
# RAMs                                                 : 1
 128x8-bit single-port RAM                             : 1

=========================================================================

=========================================================================
*                       Advanced HDL Synthesis                          *
=========================================================================


Synthesizing (advanced) Unit <ram_rtl>.
INFO:Xst:3218 - HDL ADVISOR - The RAM <Mram_RAM> will be implemented on LUTs either because you have described an asynchronous read or because of currently unsupported block RAM features. If you have described an asynchronous read, making it synchronous would allow you to take advantage of available block RAM resources, for optimized device usage and improved timings. Please refer to your documentation for coding guidelines.
    -----------------------------------------------------------------------
    | ram_type           | Distributed                         |          |
    -----------------------------------------------------------------------
    | Port A                                                              |
    |     aspect ratio   | 128-word x 8-bit                    |          |
    |     clkA           | connected to signal <clk>           | rise     |
    |     weA            | connected to signal <write>         | high     |
    |     addrA          | connected to signal <address>       |          |
    |     diA            | connected to signal <data_in>       |          |
    |     doA            | connected to signal <data_out>      |          |
    -----------------------------------------------------------------------
Unit <ram_rtl> synthesized (advanced).

=========================================================================
Advanced HDL Synthesis Report

Macro Statistics
# RAMs                                                 : 1
 128x8-bit single-port distributed RAM                 : 1

=========================================================================

=========================================================================
*                         Low Level Synthesis                           *
=========================================================================

Optimizing unit <ram_rtl> ...

Mapping all equations...
Building and optimizing final netlist ...
Found area constraint ratio of 100 (+ 5) on block ram_rtl, actual ratio is 5.

Final Macro Processing ...

=========================================================================
Final Register Report

Found no macro
=========================================================================

=========================================================================
*                           Partition Report                            *
=========================================================================

Partition Implementation Status
-------------------------------

  No Partitions were found in this design.

-------------------------------

=========================================================================
*                            Final Report                               *
=========================================================================
Final Results
RTL Top Level Output File Name     : ram_rtl.ngr
Top Level Output File Name         : ram_rtl
Output Format                      : NGC
Optimization Goal                  : Speed
Keep Hierarchy                     : No

Design Statistics
# IOs                              : 25

Cell Usage :
# BELS                             : 28
#      LUT3                        : 20
#      MUXF5                       : 8
# RAMS                             : 32
#      RAM32X1S                    : 32
# Clock Buffers                    : 1
#      BUFGP                       : 1
# IO Buffers                       : 24
#      IBUF                        : 16
#      OBUF                        : 8
=========================================================================

Device utilization summary:
---------------------------

Selected Device : 3s50pq208-5 

 Number of Slices:                       42  out of    768     5%  
 Number of 4 input LUTs:                 84  out of   1536     5%  
    Number used as logic:                20
    Number used as RAMs:                 64
 Number of IOs:                          25
 Number of bonded IOBs:                  25  out of    124    20%  
 Number of GCLKs:                         1  out of      8    12%  

---------------------------
Partition Resource Summary:
---------------------------

  No Partitions were found in this design.

---------------------------


=========================================================================
TIMING REPORT

NOTE: THESE TIMING NUMBERS ARE ONLY A SYNTHESIS ESTIMATE.
      FOR ACCURATE TIMING INFORMATION PLEASE REFER TO THE TRACE REPORT
      GENERATED AFTER PLACE-and-ROUTE.

Clock Information:
------------------
-----------------------------------+------------------------+-------+
Clock Signal                       | Clock buffer(FF name)  | Load  |
-----------------------------------+------------------------+-------+
clk                                | BUFGP                  | 32    |
-----------------------------------+------------------------+-------+

Asynchronous Control Signals Information:
----------------------------------------
No asynchronous control signals found in this design

Timing Summary:
---------------
Speed Grade: -5

   Minimum period: No path found
   Minimum input arrival time before clock: 4.045ns
   Maximum output required time after clock: 9.100ns
   Maximum combinational path delay: 10.784ns

Timing Detail:
--------------
All values displayed in nanoseconds (ns)

=========================================================================
Timing constraint: Default OFFSET IN BEFORE for Clock 'clk'
  Total number of paths / destination ports: 288 / 224
-------------------------------------------------------------------------
Offset:              4.045ns (Levels of Logic = 2)
  Source:            address<5> (PAD)
  Destination:       Mram_RAM1 (RAM)
  Destination Clock: clk rising

  Data Path: address<5> to Mram_RAM1
                                Gate     Net
    Cell:in->out      fanout   Delay   Delay  Logical Name (Net Name)
    ----------------------------------------  ------------
     IBUF:I->O            20   0.715   1.608  address_5_IBUF (address_5_IBUF)
     LUT3:I0->O            8   0.479   0.921  write_ctrl (write_ctrl)
     RAM32X1S:WE               0.322          Mram_RAM1
    ----------------------------------------
    Total                      4.045ns (1.516ns logic, 2.529ns route)
                                       (37.5% logic, 62.5% route)

=========================================================================
Timing constraint: Default OFFSET OUT AFTER for Clock 'clk'
  Total number of paths / destination ports: 32 / 8
-------------------------------------------------------------------------
Offset:              9.100ns (Levels of Logic = 3)
  Source:            Mram_RAM29 (RAM)
  Destination:       data_out<7> (PAD)
  Source Clock:      clk rising

  Data Path: Mram_RAM29 to data_out<7>
                                Gate     Net
    Cell:in->out      fanout   Delay   Delay  Logical Name (Net Name)
    ----------------------------------------  ------------
     RAM32X1S:WCLK->O      1   1.866   0.851  Mram_RAM29 (N62)
     LUT3:I1->O            1   0.479   0.000  inst_LPM_MUX7_4 (inst_LPM_MUX7_4)
     MUXF5:I0->O           1   0.314   0.681  inst_LPM_MUX7_2_f5 (data_out_7_OBUF)
     OBUF:I->O                 4.909          data_out_7_OBUF (data_out<7>)
    ----------------------------------------
    Total                      9.100ns (7.568ns logic, 1.532ns route)
                                       (83.2% logic, 16.8% route)

=========================================================================
Timing constraint: Default path analysis
  Total number of paths / destination ports: 184 / 8
-------------------------------------------------------------------------
Delay:               10.784ns (Levels of Logic = 5)
  Source:            address<0> (PAD)
  Destination:       data_out<7> (PAD)

  Data Path: address<0> to data_out<7>
                                Gate     Net
    Cell:in->out      fanout   Delay   Delay  Logical Name (Net Name)
    ----------------------------------------  ------------
     IBUF:I->O           128   0.715   2.043  address_0_IBUF (address_0_IBUF)
     RAM32X1S:A0->O        1   0.793   0.851  Mram_RAM1 (N6)
     LUT3:I1->O            1   0.479   0.000  inst_LPM_MUX_4 (inst_LPM_MUX_4)
     MUXF5:I0->O           1   0.314   0.681  inst_LPM_MUX_2_f5 (data_out_0_OBUF)
     OBUF:I->O                 4.909          data_out_0_OBUF (data_out<0>)
    ----------------------------------------
    Total                     10.784ns (7.210ns logic, 3.574ns route)
                                       (66.9% logic, 33.1% route)

=========================================================================


Total REAL time to Xst completion: 3.00 secs
Total CPU time to Xst completion: 2.17 secs
 
--> 


Total memory usage is 503116 kilobytes

Number of errors   :    0 (   0 filtered)
Number of warnings :    0 (   0 filtered)
Number of infos    :    1 (   0 filtered)

