Running: /opt/Xilinx/14.7/ISE_DS/ISE/bin/lin64/unwrapped/fuse -intstyle ise -incremental -lib secureip -o /home/ng_pc/Desktop/13000123058/fourbit_using_two_bit_comparator/four_bit_test_isim_beh.exe -prj /home/ng_pc/Desktop/13000123058/fourbit_using_two_bit_comparator/four_bit_test_beh.prj work.four_bit_test 
ISim P.20131013 (signature 0xfbc00daa)
Number of CPUs detected in this system: 4
Turning on mult-threading, number of parallel sub-compilation jobs: 8 
Determining compilation order of HDL files
Parsing VHDL file "/home/ng_pc/Desktop/13000123058/fourbit_using_two_bit_comparator/twoc_rtl.vhd" into library work
Parsing VHDL file "/home/ng_pc/Desktop/13000123058/fourbit_using_two_bit_comparator/fourbit_rtl.vhd" into library work
Parsing VHDL file "/home/ng_pc/Desktop/13000123058/fourbit_using_two_bit_comparator/four_bit_test.vhd" into library work
Starting static elaboration
Completed static elaboration
Fuse Memory Usage: 83424 KB
Fuse CPU Usage: 980 ms
Compiling package standard
Compiling package std_logic_1164
Compiling architecture behavioral of entity two_bit_compar [two_bit_compar_default]
Compiling architecture behavioral of entity fourbit_rtl [fourbit_rtl_default]
Compiling architecture behavior of entity four_bit_test
Time Resolution for simulation is 1ps.
Waiting for 1 sub-compilation(s) to finish...
Compiled 7 VHDL Units
Built simulation executable /home/ng_pc/Desktop/13000123058/fourbit_using_two_bit_comparator/four_bit_test_isim_beh.exe
Fuse Memory Usage: 649112 KB
Fuse CPU Usage: 1000 ms
GCC CPU Usage: 510 ms
