Running: /opt/Xilinx/14.7/ISE_DS/ISE/bin/lin64/unwrapped/fuse -intstyle ise -incremental -lib secureip -o /home/ng_pc/Desktop/13000123058/eightbit_using_fourbit_comparator/eight_bit_tb_isim_beh.exe -prj /home/ng_pc/Desktop/13000123058/eightbit_using_fourbit_comparator/eight_bit_tb_beh.prj work.eight_bit_tb 
ISim P.20131013 (signature 0xfbc00daa)
Number of CPUs detected in this system: 4
Turning on mult-threading, number of parallel sub-compilation jobs: 8 
Determining compilation order of HDL files
Parsing VHDL file "/home/ng_pc/Desktop/13000123058/eightbit_using_fourbit_comparator/fourbit_rtl.vhd" into library work
Parsing VHDL file "/home/ng_pc/Desktop/13000123058/eightbit_using_fourbit_comparator/eightbit_rtl.vhd" into library work
Parsing VHDL file "/home/ng_pc/Desktop/13000123058/eightbit_using_fourbit_comparator/eight_bit_test.vhd" into library work
Starting static elaboration
Completed static elaboration
Fuse Memory Usage: 83428 KB
Fuse CPU Usage: 1000 ms
Compiling package standard
Compiling package std_logic_1164
Compiling architecture behavioral of entity four_bit_rtl [four_bit_rtl_default]
Compiling architecture behavioral of entity eight_bit_rtl [eight_bit_rtl_default]
Compiling architecture behavior of entity eight_bit_tb
Time Resolution for simulation is 1ps.
Waiting for 1 sub-compilation(s) to finish...
Compiled 7 VHDL Units
Built simulation executable /home/ng_pc/Desktop/13000123058/eightbit_using_fourbit_comparator/eight_bit_tb_isim_beh.exe
Fuse Memory Usage: 649136 KB
Fuse CPU Usage: 1020 ms
GCC CPU Usage: 450 ms
