Command line:
   alu_tb_isim_beh.exe
     -simmode  gui
     -simrunnum  0
     -socket  54525

Mon Apr 14 00:21:56 2025


 Elaboration Time: 0.05 sec

 Current Memory Usage: 184.426 Meg

 Total Signals          : 8
 Total Nets             : 15
 Total Signal Drivers   : 4
 Total Blocks           : 6
 Total Primitive Blocks : 5
 Total Processes        : 2
 Total Traceable Variables  : 15
 Total Scalar Nets and Variables : 516
Total Line Count : 27

 Total Simulation Time: 0.05 sec

 Current Memory Usage: 259.928 Meg

Mon Apr 14 00:22:06 2025

