Running: /opt/Xilinx/14.7/ISE_DS/ISE/bin/lin64/unwrapped/fuse -intstyle ise -incremental -lib secureip -o /home/ng_pc/Desktop/13000123058/twoc/try_test_isim_beh.exe -prj /home/ng_pc/Desktop/13000123058/twoc/try_test_beh.prj work.try_test 
ISim P.20131013 (signature 0xfbc00daa)
Number of CPUs detected in this system: 3
Turning on mult-threading, number of parallel sub-compilation jobs: 6 
Determining compilation order of HDL files
Parsing VHDL file "/home/ng_pc/Desktop/13000123058/twoc/teo_rtl.vhd" into library work
Parsing VHDL file "/home/ng_pc/Desktop/13000123058/twoc/try_test.vhd" into library work
Starting static elaboration
Completed static elaboration
Fuse Memory Usage: 83436 KB
Fuse CPU Usage: 960 ms
Compiling package standard
Compiling package std_logic_1164
Compiling architecture behavioral of entity two_bit_compar [two_bit_compar_default]
Compiling architecture behavior of entity try_test
Time Resolution for simulation is 1ps.
Waiting for 1 sub-compilation(s) to finish...
Compiled 5 VHDL Units
Built simulation executable /home/ng_pc/Desktop/13000123058/twoc/try_test_isim_beh.exe
Fuse Memory Usage: 518000 KB
Fuse CPU Usage: 990 ms
GCC CPU Usage: 390 ms
