Running: /opt/Xilinx/14.7/ISE_DS/ISE/bin/lin64/unwrapped/fuse -intstyle ise -incremental -lib secureip -o /home/ng_pc/Desktop/1300123058/or/or_test_isim_beh.exe -prj /home/ng_pc/Desktop/1300123058/or/or_test_beh.prj work.or_test 
ISim P.20131013 (signature 0xfbc00daa)
Number of CPUs detected in this system: 4
Turning on mult-threading, number of parallel sub-compilation jobs: 8 
Determining compilation order of HDL files
Parsing VHDL file "/home/ng_pc/Desktop/1300123058/or/or_rtl.vhd" into library work
Parsing VHDL file "/home/ng_pc/Desktop/1300123058/or/or_test.vhd" into library work
Starting static elaboration
Completed static elaboration
Fuse Memory Usage: 83276 KB
Fuse CPU Usage: 1020 ms
Compiling package standard
Compiling package std_logic_1164
Compiling architecture behavioral of entity or_rtl [or_rtl_default]
Compiling architecture behavior of entity or_test
Time Resolution for simulation is 1ps.
Waiting for 1 sub-compilation(s) to finish...
Compiled 5 VHDL Units
Built simulation executable /home/ng_pc/Desktop/1300123058/or/or_test_isim_beh.exe
Fuse Memory Usage: 649060 KB
Fuse CPU Usage: 1030 ms
GCC CPU Usage: 410 ms
