--------------------------------------------------------------------------------
Release 14.7 Trace  (lin64)
Copyright (c) 1995-2013 Xilinx, Inc.  All rights reserved.

/opt/Xilinx/14.7/ISE_DS/ISE/bin/lin64/unwrapped/trce -intstyle ise -v 3 -s 2I
-n 3 -fastpaths -xml alu_rtl.twx alu_rtl.ncd -o alu_rtl.twr alu_rtl.pcf

Design file:              alu_rtl.ncd
Physical constraint file: alu_rtl.pcf
Device,package,speed:     xa7a100t,csg324,I,-2I (PRELIMINARY 1.07 2013-10-13)
Report level:             verbose report

Environment Variable      Effect 
--------------------      ------ 
NONE                      No environment variables were set
--------------------------------------------------------------------------------

INFO:Timing:2698 - No timing constraints found, doing default enumeration.
INFO:Timing:3412 - To improve timing, see the Timing Closure User Guide (UG612).
INFO:Timing:2752 - To get complete path coverage, use the unconstrained paths 
   option. All paths that are not constrained will be reported in the 
   unconstrained paths section(s) of the report.
INFO:Timing:3339 - The clock-to-out numbers in this timing report are based on 
   a 50 Ohm transmission line loading model.  For the details of this model, 
   and for more information on accounting for different loading conditions, 
   please see the device datasheet.



Data Sheet report:
-----------------
All values displayed in nanoseconds (ns)

Pad to Pad
---------------+---------------+---------+
Source Pad     |Destination Pad|  Delay  |
---------------+---------------+---------+
A<0>           |Result<0>      |    6.108|
A<0>           |Result<1>      |    6.632|
A<0>           |Result<2>      |    7.406|
A<0>           |Result<3>      |    8.101|
A<1>           |Result<1>      |    7.136|
A<1>           |Result<2>      |    7.338|
A<1>           |Result<3>      |    8.033|
A<2>           |Result<2>      |    6.176|
A<2>           |Result<3>      |    6.297|
A<3>           |Result<3>      |    6.120|
B<0>           |Result<0>      |    5.839|
B<0>           |Result<1>      |    6.646|
B<0>           |Result<2>      |    7.425|
B<0>           |Result<3>      |    8.120|
B<1>           |Result<1>      |    6.870|
B<1>           |Result<2>      |    7.072|
B<1>           |Result<3>      |    7.767|
B<2>           |Result<2>      |    6.076|
B<2>           |Result<3>      |    6.275|
B<3>           |Result<3>      |    5.711|
sel<0>         |Result<0>      |    5.974|
sel<0>         |Result<1>      |    7.358|
sel<0>         |Result<2>      |    7.560|
sel<0>         |Result<3>      |    8.255|
sel<1>         |Result<0>      |    5.553|
sel<1>         |Result<1>      |    7.248|
sel<1>         |Result<2>      |    7.450|
sel<1>         |Result<3>      |    8.145|
sel<2>         |Result<0>      |    5.520|
sel<2>         |Result<1>      |    5.636|
sel<2>         |Result<2>      |    5.708|
sel<2>         |Result<3>      |    6.145|
---------------+---------------+---------+


Analysis completed Mon Apr 14 12:45:04 2025 
--------------------------------------------------------------------------------

Trace Settings:
-------------------------
Trace Settings 

Peak Memory Usage: 751 MB



