Running: /opt/Xilinx/14.7/ISE_DS/ISE/bin/lin64/unwrapped/fuse -intstyle ise -incremental -lib secureip -o /mnt/d/Desktop/13000123057/alu/alu_test_isim_beh.exe -prj /mnt/d/Desktop/13000123057/alu/alu_test_beh.prj work.alu_test 
ISim P.20131013 (signature 0xfbc00daa)
Number of CPUs detected in this system: 8
Turning on mult-threading, number of parallel sub-compilation jobs: 16 
Determining compilation order of HDL files
Parsing VHDL file "/mnt/d/Desktop/13000123057/alu/alu_rtl.vhd" into library work
Parsing VHDL file "/mnt/d/Desktop/13000123057/alu/alu_test.vhd" into library work
Starting static elaboration
Completed static elaboration
Fuse Memory Usage: 86400 KB
Fuse CPU Usage: 1090 ms
Compiling package standard
Compiling package std_logic_1164
Compiling package std_logic_arith
Compiling package std_logic_unsigned
Compiling package numeric_std
Compiling architecture behavioral of entity alu_rtl [alu_rtl_default]
Compiling architecture behavior of entity alu_test
Time Resolution for simulation is 1ps.
Waiting for 1 sub-compilation(s) to finish...
Compiled 8 VHDL Units
Built simulation executable /mnt/d/Desktop/13000123057/alu/alu_test_isim_beh.exe
Fuse Memory Usage: 1186520 KB
Fuse CPU Usage: 1190 ms
GCC CPU Usage: 220 ms
