Command line:
   jk_rtl_isim_beh.exe
     -simmode  gui
     -simrunnum  0
     -socket  33809

Mon Apr 21 21:05:42 2025


 Elaboration Time: 0 sec

 Current Memory Usage: 184.103 Meg

 Total Signals          : 7
 Total Nets             : 7
 Total Signal Drivers   : 3
 Total Blocks           : 4
 Total Primitive Blocks : 4
 Total Processes        : 3
 Total Traceable Variables  : 10
 Total Scalar Nets and Variables : 385
Total Line Count : 8

 Total Simulation Time: 0.02 sec

 Current Memory Usage: 259.604 Meg

Mon Apr 21 21:05:46 2025

