Running: /opt/Xilinx/14.7/ISE_DS/ISE/bin/lin64/unwrapped/fuse -intstyle ise -incremental -o /home/ng_pc/Desktop/13000123058/ram_ng/ram_test_isim_beh.exe -prj /home/ng_pc/Desktop/13000123058/ram_ng/ram_test_beh.prj work.ram_test 
ISim P.20131013 (signature 0xfbc00daa)
Number of CPUs detected in this system: 4
Turning on mult-threading, number of parallel sub-compilation jobs: 8 
Determining compilation order of HDL files
Parsing VHDL file "/home/ng_pc/Desktop/13000123058/ram_ng/ram_rtl.vhd" into library work
Parsing VHDL file "/home/ng_pc/Desktop/13000123058/ram_ng/ram_test.vhd" into library work
Starting static elaboration
Completed static elaboration
Fuse Memory Usage: 85032 KB
Fuse CPU Usage: 1000 ms
Compiling package standard
Compiling package std_logic_1164
Compiling package numeric_std
Compiling architecture behavioral of entity ram_rtl [ram_rtl_default]
Compiling architecture behavior of entity ram_test
Time Resolution for simulation is 1ps.
Waiting for 1 sub-compilation(s) to finish...
Compiled 6 VHDL Units
Built simulation executable /home/ng_pc/Desktop/13000123058/ram_ng/ram_test_isim_beh.exe
Fuse Memory Usage: 656684 KB
Fuse CPU Usage: 1040 ms
GCC CPU Usage: 130 ms
